[1.250s] Invoking command in '/home/mbnczy/ros2_ws/build/ros2_course': PYTHONPATH=/home/mbnczy/ros2_ws/build/ros2_course/prefix_override:/home/mbnczy/ros2_ws/install/ros2_course/lib/python3.10/site-packages:${PYTHONPATH} /usr/bin/python3 setup.py develop --editable --build-directory /home/mbnczy/ros2_ws/build/ros2_course/build --no-deps install_data
[1.676s] running develop
[1.679s] /usr/lib/python3/dist-packages/setuptools/command/easy_install.py:158: EasyInstallDeprecationWarning: easy_install command is deprecated. Use build and pip and other standards-based tools.
[1.680s]   warnings.warn(
[1.682s] /usr/lib/python3/dist-packages/setuptools/command/install.py:34: SetuptoolsDeprecationWarning: setup.py install is deprecated. Use build and pip and other standards-based tools.
[1.682s]   warnings.warn(
[1.946s] running egg_info
[1.947s] creating ros2_course.egg-info
[1.947s] writing ros2_course.egg-info/PKG-INFO
[1.948s] writing dependency_links to ros2_course.egg-info/dependency_links.txt
[1.948s] writing entry points to ros2_course.egg-info/entry_points.txt
[1.948s] writing requirements to ros2_course.egg-info/requires.txt
[1.948s] writing top-level names to ros2_course.egg-info/top_level.txt
[1.949s] writing manifest file 'ros2_course.egg-info/SOURCES.txt'
[1.951s] reading manifest file 'ros2_course.egg-info/SOURCES.txt'
[1.952s] writing manifest file 'ros2_course.egg-info/SOURCES.txt'
[1.955s] running build_ext
[1.956s] Creating /home/mbnczy/ros2_ws/install/ros2_course/lib/python3.10/site-packages/ros2-course.egg-link (link to .)
[1.958s] Installing hello script to /home/mbnczy/ros2_ws/install/ros2_course/lib/ros2_course
[1.958s] 
[1.959s] Installed /home/mbnczy/ros2_ws/build/ros2_course
[1.959s] running install_data
[1.959s] creating /home/mbnczy/ros2_ws/install/ros2_course/share/ament_index
[1.959s] creating /home/mbnczy/ros2_ws/install/ros2_course/share/ament_index/resource_index
[1.960s] creating /home/mbnczy/ros2_ws/install/ros2_course/share/ament_index/resource_index/packages
[1.960s] copying resource/ros2_course -> /home/mbnczy/ros2_ws/install/ros2_course/share/ament_index/resource_index/packages
[1.960s] copying package.xml -> /home/mbnczy/ros2_ws/install/ros2_course/share/ros2_course
[2.001s] Invoked command in '/home/mbnczy/ros2_ws/build/ros2_course' returned '0': PYTHONPATH=/home/mbnczy/ros2_ws/build/ros2_course/prefix_override:/home/mbnczy/ros2_ws/install/ros2_course/lib/python3.10/site-packages:${PYTHONPATH} /usr/bin/python3 setup.py develop --editable --build-directory /home/mbnczy/ros2_ws/build/ros2_course/build --no-deps install_data
